
> erasure@1.0.0 build
> vite build

[36mvite v5.4.21 [32mbuilding for production...[36m[39m
transforming...
src/app.js (135:13): "logging" is not exported by "node_modules/@tensorflow/tfjs/dist/index.js", imported by "src/app.js".
src/app.js (137:7): "logging" is not exported by "node_modules/@tensorflow/tfjs/dist/index.js", imported by "src/app.js".
src/app.js (137:27): "logging" is not exported by "node_modules/@tensorflow/tfjs/dist/index.js", imported by "src/app.js".
src/app.js (1636:29): "GLTFLoader" is not exported by "node_modules/three/build/three.module.js", imported by "src/app.js".
[32mΓ£ô[39m 3103 modules transformed.
rendering chunks...
computing gzip size...
[2mdist/[22m[32mindex.html                    [39m[1m[2m   10.80 kB[22m[1m[22m[2m Γöé gzip:     2.42 kB[22m
[2mdist/[22m[36massets/purify.es-C_uT9hQ1.js  [39m[1m[2m   22.02 kB[22m[1m[22m[2m Γöé gzip:     8.78 kB[22m[2m Γöé map:     93.45 kB[22m
[2mdist/[22m[36massets/index.es-C5kwET7-.js   [39m[1m[2m  150.38 kB[22m[1m[22m[2m Γöé gzip:    51.44 kB[22m[2m Γöé map:    633.79 kB[22m
[2mdist/[22m[36massets/index-D7qfZ7kD.js      [39m[1m[33m4,870.53 kB[39m[22m[2m Γöé gzip: 1,099.88 kB[22m[2m Γöé map: 25,755.66 kB[22m

(!) Some chunks are larger than 500 kB after minification. Consider:
- Using dynamic import() to code-split the application
- Use build.rollupOptions.output.manualChunks to improve chunking: https://rollupjs.org/configuration-options/#output-manualchunks
- Adjust chunk size limit for this warning via build.chunkSizeWarningLimit.
[32mΓ£ô built in 42.49s[39m
